2023-10-03 00:14:19,522 [INFO] Activator:176 - 


2023-10-03 00:14:19,528 [INFO] Activator:177 - !SESSION log4j initialized
2023-10-03 00:14:24,072 [INFO] LogOutputStream:77 - [STDOUT_REDIRECT] 
2023-10-03 00:14:29,763 [INFO] ApplicationProperties:184 - Using Application install path: C:\ST\STM32CubeIDE_1.12.1\STM32CubeIDE\plugins\com.st.stm32cube.common.mx_6.9.0.202307051724
2023-10-03 00:14:29,787 [INFO] DbMcusXml:78 - Set database path to: C:\ST\STM32CubeIDE_1.12.1\STM32CubeIDE\plugins\com.st.stm32cube.common.mx_6.9.0.202307051724\\db\/mcu/
2023-10-03 00:14:29,788 [INFO] ApiDb:274 - Set plugin database path to: C:\ST\STM32CubeIDE_1.12.1\STM32CubeIDE\plugins\com.st.stm32cube.common.mx_6.9.0.202307051724\\db\/plugins/boardmanager/
2023-10-03 00:14:29,788 [WARN] ApiDb:259 - Overriding images path with different value:  => C:\ST\STM32CubeIDE_1.12.1\STM32CubeIDE\plugins\com.st.stm32cube.common.mx_6.9.0.202307051724\\db\/plugins/mcufinder/images/
2023-10-03 00:14:29,811 [INFO] ApiDb:250 - Set database path to: C:\Users\ipave\.stmcufinder\plugins\mcufinder//mcu/
2023-10-03 00:14:29,812 [INFO] DbMcusAds:125 - Set database path to: C:\Users\ipave\.stmcufinder\plugins\mcufinder//mcu/
2023-10-03 00:14:29,815 [INFO] CrossReferenceDbSqlite:203 - Set database path to: C:\Users\ipave\.stmcufinder\plugins\mcufinder//mcu/cs/
2023-10-03 00:14:29,947 [INFO] RulesReader:64 - Compatibility file has been processed (293 Rules)
2023-10-03 00:14:30,062 [INFO] DbMcusXml:78 - Set database path to: C:\ST\STM32CubeIDE_1.12.1\STM32CubeIDE\plugins\com.st.stm32cube.common.mx_6.9.0.202307051724\\db\/mcu/
2023-10-03 00:14:30,062 [INFO] ApiDb:274 - Set plugin database path to: C:\ST\STM32CubeIDE_1.12.1\STM32CubeIDE\plugins\com.st.stm32cube.common.mx_6.9.0.202307051724\\db\/plugins/boardmanager/
2023-10-03 00:14:30,062 [INFO] ApiDb:261 - Set plugin images path to: C:\ST\STM32CubeIDE_1.12.1\STM32CubeIDE\plugins\com.st.stm32cube.common.mx_6.9.0.202307051724\\db\/plugins/mcufinder/images/
2023-10-03 00:14:30,062 [WARN] DbFile:41 - Overriding database path with different value: C:\Users\ipave\.stmcufinder\plugins\mcufinder/ => C:\Users\ipave\.stmcufinder\plugins\mcufinder
2023-10-03 00:14:30,062 [INFO] ApiDb:250 - Set database path to: C:\Users\ipave\.stmcufinder\plugins\mcufinder//mcu/
2023-10-03 00:14:30,063 [WARN] DbFile:41 - Overriding database path with different value: C:\Users\ipave\.stmcufinder\plugins\mcufinder/ => C:\Users\ipave\.stmcufinder\plugins\mcufinder
2023-10-03 00:14:30,063 [INFO] DbMcusAds:125 - Set database path to: C:\Users\ipave\.stmcufinder\plugins\mcufinder//mcu/
2023-10-03 00:14:30,063 [WARN] DbFile:41 - Overriding database path with different value: C:\Users\ipave\.stmcufinder\plugins\mcufinder/ => C:\Users\ipave\.stmcufinder\plugins\mcufinder
2023-10-03 00:14:30,063 [WARN] DbFile:41 - Overriding database path with different value: C:\Users\ipave\.stmcufinder\plugins\mcufinder/ => C:\Users\ipave\.stmcufinder\plugins\mcufinder
2023-10-03 00:14:30,063 [INFO] CrossReferenceDbSqlite:203 - Set database path to: C:\Users\ipave\.stmcufinder\plugins\mcufinder//mcu/cs/
2023-10-03 00:14:30,124 [INFO] MainPanel:262 - HeapMemory: 374341632
2023-10-03 00:14:30,216 [INFO] DbMcusXml:78 - Set database path to: C:\ST\STM32CubeIDE_1.12.1\STM32CubeIDE\plugins\com.st.stm32cube.common.mx_6.9.0.202307051724\\db\/mcu/
2023-10-03 00:14:30,217 [INFO] ApiDb:274 - Set plugin database path to: C:\ST\STM32CubeIDE_1.12.1\STM32CubeIDE\plugins\com.st.stm32cube.common.mx_6.9.0.202307051724\\db\/plugins/boardmanager/
2023-10-03 00:14:30,217 [INFO] ApiDb:261 - Set plugin images path to: C:\ST\STM32CubeIDE_1.12.1\STM32CubeIDE\plugins\com.st.stm32cube.common.mx_6.9.0.202307051724\\db\/plugins/mcufinder/images/
2023-10-03 00:14:30,217 [WARN] DbFile:41 - Overriding database path with different value: C:\Users\ipave\.stmcufinder\plugins\mcufinder/ => C:\Users\ipave\.stmcufinder\plugins\mcufinder
2023-10-03 00:14:30,217 [INFO] ApiDb:250 - Set database path to: C:\Users\ipave\.stmcufinder\plugins\mcufinder//mcu/
2023-10-03 00:14:30,217 [WARN] DbFile:41 - Overriding database path with different value: C:\Users\ipave\.stmcufinder\plugins\mcufinder/ => C:\Users\ipave\.stmcufinder\plugins\mcufinder
2023-10-03 00:14:30,217 [INFO] DbMcusAds:125 - Set database path to: C:\Users\ipave\.stmcufinder\plugins\mcufinder//mcu/
2023-10-03 00:14:30,217 [WARN] DbFile:41 - Overriding database path with different value: C:\Users\ipave\.stmcufinder\plugins\mcufinder/ => C:\Users\ipave\.stmcufinder\plugins\mcufinder
2023-10-03 00:14:30,217 [WARN] DbFile:41 - Overriding database path with different value: C:\Users\ipave\.stmcufinder\plugins\mcufinder/ => C:\Users\ipave\.stmcufinder\plugins\mcufinder
2023-10-03 00:14:30,217 [INFO] CrossReferenceDbSqlite:203 - Set database path to: C:\Users\ipave\.stmcufinder\plugins\mcufinder//mcu/cs/
2023-10-03 00:14:30,232 [INFO] ApplicationProperties:184 - Using Application install path: C:\ST\STM32CubeIDE_1.12.1\STM32CubeIDE\plugins\com.st.stm32cube.common.mx_6.9.0.202307051724
2023-10-03 00:14:30,233 [INFO] PluginManage:196 - Search for loadable plugins [exclusion list=, ]
2023-10-03 00:14:30,234 [INFO] PluginManage:310 - Check plugin analytics
2023-10-03 00:14:30,383 [INFO] AnalyticsPlugin:253 - Accepted Software Licenses: 
2023-10-03 00:14:30,384 [INFO] AnalyticsPlugin:255 - Accepted CMSIS Pack Licenses: 
2023-10-03 00:14:30,384 [INFO] AnalyticsPlugin:257 - Accepted Firmware Licenses: 
2023-10-03 00:14:30,385 [INFO] PluginManage:359 - Loaded plugin analytics (category:tool,tabindex:-1)
2023-10-03 00:14:30,386 [INFO] PluginManage:310 - Check plugin cadmodel
2023-10-03 00:14:30,398 [INFO] CADModel:105 - Init CAD model plugin
2023-10-03 00:14:30,398 [INFO] PluginManage:359 - Loaded plugin cadmodel (category:power,tabindex:5)
2023-10-03 00:14:30,399 [INFO] PluginManage:310 - Check plugin clock
2023-10-03 00:14:30,416 [INFO] PluginManage:359 - Loaded plugin clock (category:base,tabindex:2)
2023-10-03 00:14:30,416 [INFO] PluginManage:310 - Check plugin ddr
2023-10-03 00:14:30,419 [INFO] PluginManage:359 - Loaded plugin ddr (category:tool,tabindex:6)
2023-10-03 00:14:30,419 [INFO] PluginManage:310 - Check plugin filemanager
2023-10-03 00:14:30,560 [INFO] PluginManage:359 - Loaded plugin filemanager (category:base,tabindex:10)
2023-10-03 00:14:30,560 [INFO] PluginManage:310 - Check plugin ipmanager
2023-10-03 00:14:30,569 [INFO] PluginManage:359 - Loaded plugin ipmanager (category:base,tabindex:5)
2023-10-03 00:14:30,569 [INFO] PluginManage:310 - Check plugin lpbam
2023-10-03 00:14:30,585 [INFO] PluginManage:359 - Loaded plugin lpbam (category:base,tabindex:0)
2023-10-03 00:14:30,585 [INFO] PluginManage:310 - Check plugin memorymap
2023-10-03 00:14:30,602 [INFO] PluginManage:359 - Loaded plugin memorymap (category:base,tabindex:4)
2023-10-03 00:14:30,602 [INFO] PluginManage:310 - Check plugin pinoutandconfiguration
2023-10-03 00:14:30,613 [INFO] PluginManage:359 - Loaded plugin pinoutandconfiguration (category:base,tabindex:1)
2023-10-03 00:14:30,613 [INFO] PluginManage:310 - Check plugin pinoutconfig
2023-10-03 00:14:30,690 [WARN] SupportedApi:132 - Cannot load RTOS API schema: s4s-elt-must-match.1: The content of 'definitions' must match (annotation?, (simpleType | complexType)?, (unique | key | keyref)*)). A problem was found starting at: attribute.
2023-10-03 00:14:30,845 [INFO] PluginManage:359 - Loaded plugin pinoutconfig (category:base,tabindex:0)
2023-10-03 00:14:30,846 [INFO] PluginManage:310 - Check plugin power
2023-10-03 00:14:30,865 [INFO] PluginManage:359 - Loaded plugin power (category:power,tabindex:4)
2023-10-03 00:14:30,865 [INFO] PluginManage:310 - Check plugin projectmanager
2023-10-03 00:14:30,883 [INFO] PluginManage:359 - Loaded plugin projectmanager (category:projectmanager,tabindex:3)
2023-10-03 00:14:30,884 [INFO] PluginManage:310 - Check plugin thirdparty
2023-10-03 00:14:31,171 [INFO] PluginManage:359 - Loaded plugin thirdparty (category:base,tabindex:-1)
2023-10-03 00:14:31,171 [INFO] PluginManage:310 - Check plugin tools
2023-10-03 00:14:31,171 [WARN] IntegrityCheckThread:84 - waiting for thirdparty lock release [integrity check]
2023-10-03 00:14:31,171 [INFO] IntegrityCheckThread:86 - entering critical section [integrity check]
2023-10-03 00:14:31,172 [INFO] ThirdPartyUpdaterWithRetryManager:70 - Updater plugin not ready yet. [1/15]
2023-10-03 00:14:31,206 [INFO] PluginManage:359 - Loaded plugin tools (category:base,tabindex:7)
2023-10-03 00:14:31,206 [INFO] PluginManage:310 - Check plugin tutovideos
2023-10-03 00:14:31,423 [INFO] PluginManage:359 - Loaded plugin tutovideos (category:base,tabindex:-1)
2023-10-03 00:14:31,423 [INFO] PluginManage:310 - Check plugin updater
2023-10-03 00:14:31,432 [INFO] PluginManage:359 - Loaded plugin updater (category:base,tabindex:12)
2023-10-03 00:14:31,432 [INFO] PluginManage:310 - Check plugin userauth
2023-10-03 00:14:31,436 [INFO] UserAuth:113 - Init User Auth plugin
2023-10-03 00:14:31,437 [INFO] PluginManage:359 - Loaded plugin userauth (category:base,tabindex:14)
2023-10-03 00:14:31,437 [INFO] PluginManage:283 - PluginManage : Loaded plugins [17]
2023-10-03 00:14:31,612 [INFO] PinOutPanel:1499 - setPackage(No Configuration,No Configuration)
2023-10-03 00:14:31,691 [INFO] CADModel:165 - CPN selected for project level
2023-10-03 00:14:31,691 [INFO] CADModel:114 - Register for checkConnection events
2023-10-03 00:14:31,708 [INFO] IPUIPlugin:80 - create IPUIPlugin
2023-10-03 00:14:31,708 [INFO] PluginManager:220 - loadIPPluginJar : add adc
2023-10-03 00:14:31,730 [INFO] IPUIPlugin:80 - create IPUIPlugin
2023-10-03 00:14:31,730 [INFO] PluginManager:220 - loadIPPluginJar : add aes
2023-10-03 00:14:31,754 [INFO] IPUIPlugin:80 - create IPUIPlugin
2023-10-03 00:14:31,754 [INFO] PluginManager:220 - loadIPPluginJar : add can
2023-10-03 00:14:31,768 [INFO] IPUIPlugin:80 - create IPUIPlugin
2023-10-03 00:14:31,769 [INFO] PluginManager:220 - loadIPPluginJar : add comp
2023-10-03 00:14:31,789 [INFO] IPUIPlugin:80 - create IPUIPlugin
2023-10-03 00:14:31,789 [INFO] PluginManager:220 - loadIPPluginJar : add cryp
2023-10-03 00:14:31,807 [INFO] IPUIPlugin:80 - create IPUIPlugin
2023-10-03 00:14:31,807 [INFO] PluginManager:220 - loadIPPluginJar : add dfsdm
2023-10-03 00:14:31,817 [INFO] IPUIPlugin:80 - create IPUIPlugin
2023-10-03 00:14:31,817 [INFO] PluginManager:220 - loadIPPluginJar : add dma
2023-10-03 00:14:31,843 [INFO] IPUIPlugin:80 - create IPUIPlugin
2023-10-03 00:14:31,843 [INFO] PluginManager:220 - loadIPPluginJar : add dma3
2023-10-03 00:14:31,855 [INFO] IPUIPlugin:80 - create IPUIPlugin
2023-10-03 00:14:31,855 [INFO] PluginManager:220 - loadIPPluginJar : add fatfs
2023-10-03 00:14:31,882 [INFO] IPUIPlugin:80 - create IPUIPlugin
2023-10-03 00:14:31,882 [INFO] PluginManager:220 - loadIPPluginJar : add fmc
2023-10-03 00:14:31,892 [INFO] IPUIPlugin:80 - create IPUIPlugin
2023-10-03 00:14:31,892 [INFO] PluginManager:220 - loadIPPluginJar : add freertos
2023-10-03 00:14:31,904 [INFO] IPUIPlugin:80 - create IPUIPlugin
2023-10-03 00:14:31,904 [INFO] PluginManager:220 - loadIPPluginJar : add genericplugin
2023-10-03 00:14:31,957 [INFO] IPUIPlugin:80 - create IPUIPlugin
2023-10-03 00:14:31,957 [INFO] PluginManager:220 - loadIPPluginJar : add gfxmmu
2023-10-03 00:14:32,032 [INFO] IPUIPlugin:80 - create IPUIPlugin
2023-10-03 00:14:32,032 [INFO] PluginManager:220 - loadIPPluginJar : add gic
2023-10-03 00:14:32,041 [INFO] IPUIPlugin:80 - create IPUIPlugin
2023-10-03 00:14:32,041 [INFO] PluginManager:220 - loadIPPluginJar : add gpio
2023-10-03 00:14:32,097 [INFO] IPUIPlugin:80 - create IPUIPlugin
2023-10-03 00:14:32,097 [INFO] PluginManager:220 - loadIPPluginJar : add gtzc
2023-10-03 00:14:32,116 [INFO] IPUIPlugin:80 - create IPUIPlugin
2023-10-03 00:14:32,116 [INFO] PluginManager:220 - loadIPPluginJar : add hash
2023-10-03 00:14:32,146 [INFO] IPUIPlugin:80 - create IPUIPlugin
2023-10-03 00:14:32,146 [INFO] PluginManager:220 - loadIPPluginJar : add i2c
2023-10-03 00:14:32,168 [INFO] IPUIPlugin:80 - create IPUIPlugin
2023-10-03 00:14:32,168 [INFO] PluginManager:220 - loadIPPluginJar : add i2s
2023-10-03 00:14:32,191 [INFO] IPUIPlugin:80 - create IPUIPlugin
2023-10-03 00:14:32,191 [INFO] PluginManager:220 - loadIPPluginJar : add i3c
2023-10-03 00:14:32,253 [INFO] IPUIPlugin:80 - create IPUIPlugin
2023-10-03 00:14:32,253 [INFO] PluginManager:220 - loadIPPluginJar : add ipddr
2023-10-03 00:14:32,307 [INFO] IPUIPlugin:80 - create IPUIPlugin
2023-10-03 00:14:32,307 [INFO] PluginManager:220 - loadIPPluginJar : add linkedlist
2023-10-03 00:14:32,330 [INFO] IPUIPlugin:80 - create IPUIPlugin
2023-10-03 00:14:32,330 [INFO] PluginManager:220 - loadIPPluginJar : add lorawan
2023-10-03 00:14:32,351 [INFO] IPUIPlugin:80 - create IPUIPlugin
2023-10-03 00:14:32,351 [INFO] PluginManager:220 - loadIPPluginJar : add ltdc
2023-10-03 00:14:32,361 [INFO] IPUIPlugin:80 - create IPUIPlugin
2023-10-03 00:14:32,361 [INFO] PluginManager:220 - loadIPPluginJar : add mdma
2023-10-03 00:14:32,369 [INFO] IPUIPlugin:80 - create IPUIPlugin
2023-10-03 00:14:32,369 [INFO] PluginManager:220 - loadIPPluginJar : add nvic
2023-10-03 00:14:32,390 [INFO] IPUIPlugin:80 - create IPUIPlugin
2023-10-03 00:14:32,390 [INFO] PluginManager:220 - loadIPPluginJar : add opamp
2023-10-03 00:14:32,427 [INFO] IPUIPlugin:80 - create IPUIPlugin
2023-10-03 00:14:32,427 [INFO] PluginManager:220 - loadIPPluginJar : add openamp
2023-10-03 00:14:32,452 [INFO] IPUIPlugin:80 - create IPUIPlugin
2023-10-03 00:14:32,452 [INFO] PluginManager:220 - loadIPPluginJar : add pdm2pcm
2023-10-03 00:14:32,461 [INFO] IPUIPlugin:80 - create IPUIPlugin
2023-10-03 00:14:32,462 [INFO] PluginManager:220 - loadIPPluginJar : add plateformsettings
2023-10-03 00:14:32,475 [INFO] IPUIPlugin:80 - create IPUIPlugin
2023-10-03 00:14:32,475 [INFO] PluginManager:220 - loadIPPluginJar : add quadspi
2023-10-03 00:14:32,483 [INFO] IPUIPlugin:80 - create IPUIPlugin
2023-10-03 00:14:32,483 [INFO] PluginManager:220 - loadIPPluginJar : add resmgrutility
2023-10-03 00:14:32,510 [INFO] IPUIPlugin:80 - create IPUIPlugin
2023-10-03 00:14:32,511 [INFO] PluginManager:220 - loadIPPluginJar : add sai
2023-10-03 00:14:32,532 [INFO] IPUIPlugin:80 - create IPUIPlugin
2023-10-03 00:14:32,532 [INFO] PluginManager:220 - loadIPPluginJar : add spi
2023-10-03 00:14:32,565 [INFO] IPUIPlugin:80 - create IPUIPlugin
2023-10-03 00:14:32,565 [INFO] PluginManager:220 - loadIPPluginJar : add stm32_wpan
2023-10-03 00:14:32,579 [INFO] IPUIPlugin:80 - create IPUIPlugin
2023-10-03 00:14:32,580 [INFO] PluginManager:220 - loadIPPluginJar : add tim
2023-10-03 00:14:32,613 [INFO] IPUIPlugin:80 - create IPUIPlugin
2023-10-03 00:14:32,613 [INFO] PluginManager:220 - loadIPPluginJar : add touchsensing
2023-10-03 00:14:32,627 [INFO] IPUIPlugin:80 - create IPUIPlugin
2023-10-03 00:14:32,627 [INFO] PluginManager:220 - loadIPPluginJar : add tracer_emb
2023-10-03 00:14:32,640 [INFO] IPUIPlugin:80 - create IPUIPlugin
2023-10-03 00:14:32,640 [INFO] PluginManager:220 - loadIPPluginJar : add ts
2023-10-03 00:14:32,652 [INFO] IPUIPlugin:80 - create IPUIPlugin
2023-10-03 00:14:32,652 [INFO] PluginManager:220 - loadIPPluginJar : add tsc
2023-10-03 00:14:32,666 [INFO] IPUIPlugin:80 - create IPUIPlugin
2023-10-03 00:14:32,666 [INFO] PluginManager:220 - loadIPPluginJar : add ucpd
2023-10-03 00:14:32,692 [INFO] IPUIPlugin:80 - create IPUIPlugin
2023-10-03 00:14:32,692 [INFO] PluginManager:220 - loadIPPluginJar : add usart
2023-10-03 00:14:32,718 [INFO] IPUIPlugin:80 - create IPUIPlugin
2023-10-03 00:14:32,718 [INFO] PluginManager:220 - loadIPPluginJar : add usbx
2023-10-03 00:14:32,825 [INFO] CADModel:165 - CPN selected for project level
2023-10-03 00:14:32,825 [INFO] CADModel:114 - Register for checkConnection events
2023-10-03 00:14:32,825 [FATAL] Updater:308 - Updater called before beeing initialized
2023-10-03 00:14:32,825 [ERROR] CADModel:125 - Updater not yet initialized, retry later 
2023-10-03 00:14:32,926 [INFO] CADModel:165 - CPN selected for project level
2023-10-03 00:14:32,926 [INFO] CADModel:114 - Register for checkConnection events
2023-10-03 00:14:32,926 [FATAL] Updater:308 - Updater called before beeing initialized
2023-10-03 00:14:32,926 [ERROR] CADModel:125 - Updater not yet initialized, retry later 
2023-10-03 00:14:32,928 [FATAL] Updater:308 - Updater called before beeing initialized
2023-10-03 00:14:33,012 [FATAL] Updater:308 - Updater called before beeing initialized
2023-10-03 00:14:33,020 [INFO] DbMcusAds:53 - JSON generation date=Tue Mar 07 05:50:55 ART 2023 (1678179055114)
2023-10-03 00:14:33,020 [FATAL] Updater:308 - Updater called before beeing initialized
2023-10-03 00:14:33,075 [WARN] DetailPanel:346 - Failed to get advertising image, set to default
2023-10-03 00:14:33,144 [FATAL] Updater:308 - Updater called before beeing initialized
2023-10-03 00:14:33,146 [FATAL] Updater:308 - Updater called before beeing initialized
2023-10-03 00:14:33,146 [FATAL] Updater:308 - Updater called before beeing initialized
2023-10-03 00:14:33,146 [WARN] DetailPanel:346 - Failed to get advertising image, set to default
2023-10-03 00:14:33,147 [FATAL] Updater:308 - Updater called before beeing initialized
2023-10-03 00:14:33,201 [ERROR] Updater:1120 - MainUpdater not yet initialized. External WinMGr cannot be set.
2023-10-03 00:14:33,208 [INFO] Updater:1056 - Updater Version found : 6.9.0
2023-10-03 00:14:33,221 [INFO] ApplicationProperties:184 - Using Application install path: C:\ST\STM32CubeIDE_1.12.1\STM32CubeIDE\plugins\com.st.stm32cube.common.mx_6.9.0.202307051724
2023-10-03 00:14:33,670 [INFO] MainUpdater:2868 - connection check result : 10
2023-10-03 00:14:33,670 [INFO] MainUpdater:3562 - Updater definition file requires update
2023-10-03 00:14:33,671 [INFO] MainUpdater:285 - Updater Check For Update Now.
2023-10-03 00:14:33,671 [INFO] MicroXplorer:498 - Change Database Version : DB.6.0.90
2023-10-03 00:14:33,681 [INFO] McuFinderGlobals:63 - Set McuFinder mode to 2 (CubeIDE integrated)
2023-10-03 00:14:33,681 [INFO] UserAuth:179 - activating auth plugin
2023-10-03 00:14:33,683 [INFO] UserAuth:393 - Internet connection configuration mode: 1
2023-10-03 00:14:33,701 [INFO] JxBrowserEngine:151 - Initiate JxBrowser Engine with user profile folder
2023-10-03 00:14:34,173 [WARN] MainUpdater:1189 - Updater busy. Cannot search thirdparties
2023-10-03 00:14:34,173 [INFO] ThirdPartyUpdaterWithRetryManager:96 - Updater plugin is busy. [1/15]
2023-10-03 00:14:35,197 [INFO] WebApp:157 - Instantiating new browser for Auth
2023-10-03 00:14:35,486 [INFO] ServerAccessManage:473 - Download File updaters.zip
2023-10-03 00:14:35,552 [INFO] FileExtend:240 - Unzip File : updaters.zip
2023-10-03 00:14:35,552 [INFO] FileExtend:255 - Standard Zip Deflate
2023-10-03 00:14:35,842 [INFO] WebApp:753 - Register for checkConnection events
2023-10-03 00:14:35,842 [INFO] WebApp:390 - Apply proxy settings
2023-10-03 00:14:35,842 [INFO] WebApp:475 - Chromium requires no authentication
2023-10-03 00:14:35,848 [INFO] WebApp:418 - Direct internet connection detected
2023-10-03 00:14:35,966 [INFO] WebApp:188 - Starting web application
2023-10-03 00:14:35,966 [INFO] WebApp:520 - Web application path used C:\ST\STM32CubeIDE_1.12.1\STM32CubeIDE\plugins\com.st.stm32cube.common.mx_6.9.0.202307051724\db\plugins\mcufinder\reactClient1\index.html
2023-10-03 00:14:36,850 [INFO] ServerAccessManage:473 - Download File PacksControlFlags.xml
2023-10-03 00:14:37,175 [WARN] MainUpdater:1189 - Updater busy. Cannot search thirdparties
2023-10-03 00:14:37,175 [INFO] ThirdPartyUpdaterWithRetryManager:96 - Updater plugin is busy. [2/15]
2023-10-03 00:14:38,075 [INFO] ServerAccessManage:473 - Download File cubemx.pidx
2023-10-03 00:14:39,688 [INFO] ServerAccessManage:473 - Download File STMicroelectronics.X-CUBE-TOUCHGFX.pdsc
2023-10-03 00:14:40,177 [WARN] MainUpdater:1189 - Updater busy. Cannot search thirdparties
2023-10-03 00:14:40,177 [INFO] ThirdPartyUpdaterWithRetryManager:96 - Updater plugin is busy. [3/15]
2023-10-03 00:14:43,178 [WARN] MainUpdater:1189 - Updater busy. Cannot search thirdparties
2023-10-03 00:14:43,178 [INFO] ThirdPartyUpdaterWithRetryManager:96 - Updater plugin is busy. [4/15]
2023-10-03 00:14:46,179 [WARN] MainUpdater:1189 - Updater busy. Cannot search thirdparties
2023-10-03 00:14:46,179 [INFO] ThirdPartyUpdaterWithRetryManager:96 - Updater plugin is busy. [5/15]
2023-10-03 00:14:49,181 [WARN] MainUpdater:1189 - Updater busy. Cannot search thirdparties
2023-10-03 00:14:49,181 [INFO] ThirdPartyUpdaterWithRetryManager:96 - Updater plugin is busy. [6/15]
2023-10-03 00:14:52,182 [WARN] MainUpdater:1189 - Updater busy. Cannot search thirdparties
2023-10-03 00:14:52,182 [INFO] ThirdPartyUpdaterWithRetryManager:96 - Updater plugin is busy. [7/15]
2023-10-03 00:14:55,182 [WARN] MainUpdater:1189 - Updater busy. Cannot search thirdparties
2023-10-03 00:14:55,182 [INFO] ThirdPartyUpdaterWithRetryManager:96 - Updater plugin is busy. [8/15]
2023-10-03 00:14:56,684 [ERROR] LogOutputStream:75 - [STDERR_REDIRECT] SLF4J: Failed to load class "org.slf4j.impl.StaticLoggerBinder".
2023-10-03 00:14:56,684 [ERROR] LogOutputStream:75 - [STDERR_REDIRECT] SLF4J: Defaulting to no-operation (NOP) logger implementation
2023-10-03 00:14:56,685 [ERROR] LogOutputStream:75 - [STDERR_REDIRECT] SLF4J: See http://www.slf4j.org/codes.html#StaticLoggerBinder for further details.
2023-10-03 00:14:58,183 [WARN] MainUpdater:1189 - Updater busy. Cannot search thirdparties
2023-10-03 00:14:58,183 [INFO] ThirdPartyUpdaterWithRetryManager:96 - Updater plugin is busy. [9/15]
2023-10-03 00:15:01,185 [WARN] MainUpdater:1189 - Updater busy. Cannot search thirdparties
2023-10-03 00:15:01,185 [INFO] ThirdPartyUpdaterWithRetryManager:96 - Updater plugin is busy. [10/15]
2023-10-03 00:15:01,620 [ERROR] ServerAccessManage:1096 - Problem, Http access forbiden
2023-10-03 00:15:01,620 [ERROR] ServerAccessManage:651 - Problem, Http access forbiden : RoweBots.I-CUBE-UNISONRTOS.pdsc.
2023-10-03 00:15:02,708 [INFO] ServerAccessManage:473 - Download File ITTIA_DB.I-CUBE-ITTIADB.pdsc
2023-10-03 00:15:04,186 [WARN] MainUpdater:1189 - Updater busy. Cannot search thirdparties
2023-10-03 00:15:04,186 [INFO] ThirdPartyUpdaterWithRetryManager:96 - Updater plugin is busy. [11/15]
2023-10-03 00:15:05,951 [WARN] PackLoader:240 - Cannot read IP mode file for STMicroelectronics.X-CUBE-TOUCHGFX.4.22.1
2023-10-03 00:15:05,961 [WARN] PackLoader:240 - Cannot read IP mode file for ITTIA_DB.I-CUBE-ITTIADB.8.8.0
2023-10-03 00:15:05,962 [INFO] PopulateThirdPartyThread:66 - Ending populate Thread
2023-10-03 00:15:05,964 [INFO] ThirdParty:1030 - CMSIS Pack Vendor :STMicroelectronics X-CUBE-TOUCHGFX 4.22.1
2023-10-03 00:15:05,964 [INFO] ThirdParty:1030 - CMSIS Pack Vendor :ITTIA_DB I-CUBE-ITTIADB 8.8.0
2023-10-03 00:15:05,964 [INFO] LoadServerUpdatesThread:373 - End of LoadServerUpdate Thread
2023-10-03 00:15:06,065 [INFO] CheckServerUpdateThread:120 - End of CheckServer Thread
2023-10-03 00:15:07,282 [WARN] PackLoader:240 - Cannot read IP mode file for STMicroelectronics.X-CUBE-SMBUS.2.1.0
2023-10-03 00:15:07,308 [WARN] PackLoader:240 - Cannot read IP mode file for STMicroelectronics.X-CUBE-AZRTOS-F7.1.1.0
2023-10-03 00:15:07,322 [ERROR] RealEvaluatedCondition:428 - Found unsupported composite condition: GROUP='STM32_MetaDataManager' CLASS='Data Exchange'
2023-10-03 00:15:07,322 [ERROR] RealEvaluatedCondition:428 - Found unsupported composite condition: CLASS='Data Exchange' GROUP='STM32_MetaDataManager'
2023-10-03 00:15:07,323 [WARN] PackLoader:240 - Cannot read IP mode file for STMicroelectronics.FP-SNS-MOTENV1.4.3.0
2023-10-03 00:15:07,333 [WARN] PackLoader:240 - Cannot read IP mode file for STMicroelectronics.FP-SNS-MOTENV1.4.3.2
2023-10-03 00:15:07,342 [WARN] PackLoader:240 - Cannot read IP mode file for STMicroelectronics.FP-SNS-FLIGHT1.5.0.0
2023-10-03 00:15:07,350 [ERROR] RealEvaluatedCondition:428 - Found unsupported composite condition: CLASS='Data Exchange' GROUP='STM32_MetaDataManager'
2023-10-03 00:15:07,350 [ERROR] RealEvaluatedCondition:428 - Found unsupported composite condition: GROUP='STM32_MetaDataManager' CLASS='Data Exchange'
2023-10-03 00:15:07,351 [WARN] PackLoader:240 - Cannot read IP mode file for STMicroelectronics.FP-SNS-MOTENV1.4.3.1
2023-10-03 00:15:07,360 [WARN] PackLoader:240 - Cannot read IP mode file for STMicroelectronics.FP-SNS-FLIGHT1.5.0.1
2023-10-03 00:15:07,370 [WARN] PackLoader:240 - Cannot read IP mode file for STMicroelectronics.X-CUBE-BLE1.6.2.4
2023-10-03 00:15:07,378 [WARN] PackLoader:240 - Cannot read IP mode file for STMicroelectronics.FP-SNS-FLIGHT1.5.0.2
2023-10-03 00:15:07,387 [WARN] PackLoader:240 - Cannot read IP mode file for STMicroelectronics.X-CUBE-DISPLAY.3.0.0
2023-10-03 00:15:07,397 [WARN] PackLoader:240 - Cannot read IP mode file for STMicroelectronics.X-CUBE-BLE1.7.0.0
2023-10-03 00:15:07,404 [WARN] PackLoader:240 - Cannot read IP mode file for STMicroelectronics.X-CUBE-TOUCHGFX.4.22.0
2023-10-03 00:15:07,411 [WARN] PackLoader:240 - Cannot read IP mode file for STMicroelectronics.X-CUBE-TOUCHGFX.4.22.1
2023-10-03 00:15:07,418 [WARN] PackLoader:240 - Cannot read IP mode file for STMicroelectronics.FP-SNS-SMARTAG2.1.2.0
2023-10-03 00:15:07,431 [INFO] LogOutputStream:77 - [STDOUT_REDIRECT] 1 : Invalid condition id : UX_CORESTACK_Condition cause : null
2023-10-03 00:15:07,431 [INFO] LogOutputStream:77 - [STDOUT_REDIRECT] 1 : Invalid condition id : UX_CORESTACK_Condition cause : null
2023-10-03 00:15:07,432 [INFO] LogOutputStream:77 - [STDOUT_REDIRECT] 1 : Invalid condition id : UX_CORESTACK_Condition cause : null
2023-10-03 00:15:07,432 [INFO] LogOutputStream:77 - [STDOUT_REDIRECT] 1 : Invalid condition id : UX_CORESTACK_Condition cause : null
2023-10-03 00:15:07,433 [INFO] LogOutputStream:77 - [STDOUT_REDIRECT] 1 : Invalid condition id : UX_CORESTACK_Condition cause : null
2023-10-03 00:15:07,434 [WARN] PackLoader:240 - Cannot read IP mode file for STMicroelectronics.X-CUBE-AZRTOS-WL.2.0.0
2023-10-03 00:15:07,444 [WARN] PackLoader:240 - Cannot read IP mode file for WES.I-CUBE-Cesium.1.3.0
2023-10-03 00:15:07,452 [WARN] PackLoader:240 - Cannot read IP mode file for STMicroelectronics.X-CUBE-BLE2.3.3.0
2023-10-03 00:15:07,459 [WARN] PackLoader:240 - Cannot read IP mode file for STMicroelectronics.X-CUBE-TOUCHGFX.4.21.4
2023-10-03 00:15:07,468 [WARN] PackLoader:240 - Cannot read IP mode file for STMicroelectronics.X-CUBE-ALGOBUILD.1.3.0
2023-10-03 00:15:07,487 [WARN] PackLoader:240 - Cannot read IP mode file for STMicroelectronics.X-CUBE-AZRTOS-G0.1.1.0
2023-10-03 00:15:07,497 [WARN] PackLoader:240 - Cannot read IP mode file for STMicroelectronics.X-CUBE-NFC4.3.0.0
2023-10-03 00:15:07,506 [WARN] PackLoader:240 - Cannot read IP mode file for STMicroelectronics.FP-ATR-SIGFOX1.3.2.0
2023-10-03 00:15:07,532 [WARN] PackLoader:240 - Cannot read IP mode file for SEGGER.I-CUBE-embOS.1.3.1
2023-10-03 00:15:07,564 [WARN] PackLoader:240 - Cannot read IP mode file for STMicroelectronics.X-CUBE-GNSS1.6.0.0
2023-10-03 00:15:07,586 [WARN] PackLoader:240 - Cannot read IP mode file for STMicroelectronics.X-CUBE-AZRTOS-F4.1.1.0
2023-10-03 00:15:07,596 [WARN] PackLoader:240 - Cannot read IP mode file for wolfSSL.I-CUBE-wolfSSL.5.6.0
2023-10-03 00:15:07,616 [WARN] PackLoader:240 - Cannot read IP mode file for STMicroelectronics.X-CUBE-AZRTOS-L5.2.0.0
2023-10-03 00:15:07,650 [WARN] PackLoader:240 - Cannot read IP mode file for STMicroelectronics.X-CUBE-MEMS1.9.6.0
2023-10-03 00:15:07,751 [WARN] PackLoader:240 - Cannot read IP mode file for ITTIA_DB.I-CUBE-ITTIADB.8.8.0
2023-10-03 00:15:07,763 [WARN] PackLoader:240 - Cannot read IP mode file for emotas.I-CUBE-CANOPEN.1.1.3
2023-10-03 00:15:07,775 [WARN] PackLoader:240 - Cannot read IP mode file for STMicroelectronics.X-CUBE-BLEMGR.2.0.0
2023-10-03 00:15:07,796 [WARN] ConditionMgr:438 - getConditionDescription Invalid condition id : UX DEVICE CLASS RTOS Condition cause : null
2023-10-03 00:15:07,797 [WARN] ConditionMgr:438 - getConditionDescription Invalid condition id : UX DEVICE CLASS RTOS Condition cause : null
2023-10-03 00:15:07,799 [WARN] PackLoader:240 - Cannot read IP mode file for STMicroelectronics.X-CUBE-AZRTOS-H7.3.1.0
2023-10-03 00:15:07,800 [WARN] ConditionMgr:1039 - genDependencies : Invalid condition id : UX DEVICE CLASS RTOS Condition cause : null
2023-10-03 00:15:07,800 [WARN] ConditionMgr:1039 - genDependencies : Invalid condition id : UX DEVICE CLASS RTOS Condition cause : null
2023-10-03 00:15:07,801 [WARN] ConditionMgr:1039 - genDependencies : Invalid condition id : UX DEVICE CLASS RTOS Condition cause : null
2023-10-03 00:15:07,801 [WARN] ConditionMgr:1039 - genDependencies : Invalid condition id : UX DEVICE CLASS RTOS Condition cause : null
2023-10-03 00:15:07,801 [WARN] ConditionMgr:1039 - genDependencies : Invalid condition id : UX DEVICE CLASS RTOS Condition cause : null
2023-10-03 00:15:07,813 [WARN] PackLoader:240 - Cannot read IP mode file for STMicroelectronics.X-CUBE-NFC7.1.0.1
2023-10-03 00:15:07,824 [WARN] PackLoader:240 - Cannot read IP mode file for STMicroelectronics.X-CUBE-NFC7.1.0.0
2023-10-03 00:15:07,836 [WARN] PackLoader:240 - Cannot read IP mode file for STMicroelectronics.X-CUBE-NFC6.3.0.0
2023-10-03 00:15:07,847 [WARN] PackLoader:240 - Cannot read IP mode file for STMicroelectronics.X-CUBE-EEPRMA1.4.1.0
2023-10-03 00:15:07,855 [WARN] PackLoader:240 - Cannot read IP mode file for STMicroelectronics.X-CUBE-AI.8.1.0
2023-10-03 00:15:07,878 [WARN] ConditionMgr:438 - getConditionDescription Invalid condition id : LAN8742 Phy interface Condition cause : null
2023-10-03 00:15:07,879 [WARN] PackLoader:240 - Cannot read IP mode file for STMicroelectronics.X-CUBE-AZRTOS-L4.2.0.0
2023-10-03 00:15:07,880 [WARN] ConditionMgr:1039 - genDependencies : Invalid condition id : LAN8742 Phy interface Condition cause : null
2023-10-03 00:15:07,880 [WARN] ConditionMgr:1039 - genDependencies : Invalid condition id : LAN8742 Phy interface Condition cause : null
2023-10-03 00:15:07,881 [WARN] ConditionMgr:1039 - genDependencies : Invalid condition id : LAN8742 Phy interface Condition cause : null
2023-10-03 00:15:07,895 [WARN] PackLoader:240 - Cannot read IP mode file for STMicroelectronics.X-CUBE-SFXS2LP1.4.0.0
2023-10-03 00:15:07,905 [WARN] PackLoader:240 - Cannot read IP mode file for STMicroelectronics.X-CUBE-ISPU.1.1.0
2023-10-03 00:15:07,924 [WARN] ConditionMgr:438 - getConditionDescription Invalid condition id : UX DEVICE CLASS RTOS Condition cause : null
2023-10-03 00:15:07,924 [WARN] ConditionMgr:438 - getConditionDescription Invalid condition id : UX DEVICE CLASS RTOS Condition cause : null
2023-10-03 00:15:07,925 [WARN] PackLoader:240 - Cannot read IP mode file for STMicroelectronics.X-CUBE-AZRTOS-WB.2.0.0
2023-10-03 00:15:07,926 [WARN] ConditionMgr:1039 - genDependencies : Invalid condition id : UX DEVICE CLASS RTOS Condition cause : null
2023-10-03 00:15:07,926 [WARN] ConditionMgr:1039 - genDependencies : Invalid condition id : UX DEVICE CLASS RTOS Condition cause : null
2023-10-03 00:15:07,926 [WARN] ConditionMgr:1039 - genDependencies : Invalid condition id : UX DEVICE CLASS RTOS Condition cause : null
2023-10-03 00:15:07,926 [WARN] ConditionMgr:1039 - genDependencies : Invalid condition id : UX DEVICE CLASS RTOS Condition cause : null
2023-10-03 00:15:07,926 [WARN] ConditionMgr:1039 - genDependencies : Invalid condition id : UX DEVICE CLASS RTOS Condition cause : null
2023-10-03 00:15:07,938 [WARN] PackLoader:240 - Cannot read IP mode file for STMicroelectronics.X-CUBE-FREERTOS.1.0.1
2023-10-03 00:15:07,967 [WARN] PackLoader:240 - Cannot read IP mode file for STMicroelectronics.X-CUBE-AZRTOS-L5.1.1.0
2023-10-03 00:15:07,977 [WARN] PackLoader:240 - Cannot read IP mode file for STMicroelectronics.X-CUBE-AI.8.0.1
2023-10-03 00:15:07,989 [WARN] PackLoader:240 - Cannot read IP mode file for STMicroelectronics.X-CUBE-SUBG2.5.0.0
2023-10-03 00:15:08,004 [WARN] PackLoader:240 - Cannot read IP mode file for STMicroelectronics.X-CUBE-TOF1.3.3.1
2023-10-03 00:15:08,024 [WARN] PackLoader:240 - Cannot read IP mode file for STMicroelectronics.X-CUBE-AZRTOS-G4.2.0.0
2023-10-03 00:15:08,037 [WARN] PackLoader:240 - Cannot read IP mode file for STMicroelectronics.X-CUBE-TOF1.3.3.0
2023-10-03 00:15:08,060 [WARN] PackLoader:240 - Cannot read IP mode file for STMicroelectronics.X-CUBE-AZRTOS-L4.1.0.0
2023-10-03 00:15:08,072 [WARN] PackLoader:240 - Cannot read IP mode file for STMicroelectronics.X-CUBE-FREERTOS.1.1.0
2023-10-03 00:15:08,087 [WARN] PackLoader:240 - Cannot read IP mode file for STMicroelectronics.X-CUBE-AZRTOS-WL.1.0.0
2023-10-03 00:15:08,097 [WARN] PackLoader:240 - Cannot read IP mode file for portGmbH.I-Cube-SoM-uGOAL.1.1.0
2023-10-03 00:15:08,105 [WARN] PackLoader:240 - Cannot read IP mode file for STMicroelectronics.X-CUBE-ALS.1.0.1
2023-10-03 00:15:08,122 [WARN] PackLoader:240 - Cannot read IP mode file for STMicroelectronics.X-CUBE-AZRTOS-WB.1.1.0
2023-10-03 00:15:08,132 [WARN] PackLoader:240 - Cannot read IP mode file for STMicroelectronics.FP-ATR-ASTRA1.2.0.0
2023-10-03 00:15:08,133 [INFO] ThirdParty:978 - Integrity check success = true
2023-10-03 00:15:08,133 [INFO] IntegrityCheckThread:100 - exiting critical section [integrity check]
2023-10-03 00:15:08,133 [INFO] IntegrityCheckThread:103 - End integrity checks thread
2023-10-03 01:10:52,051 [INFO] WebApp:330 - JxBrowser engine has been closed 
2023-10-03 01:11:41,274 [ERROR] LogOutputStream:75 - [STDERR_REDIRECT] 
