2024-04-29 22:17:41,855 [INFO] Activator:176 - 


2024-04-29 22:17:41,859 [INFO] Activator:177 - !SESSION log4j initialized
2024-04-29 22:17:49,346 [INFO] LogOutputStream:77 - [STDOUT_REDIRECT] 
2024-04-29 22:17:56,763 [INFO] ApplicationProperties:184 - Using Application install path: C:\ST\STM32CubeIDE_1.12.1\STM32CubeIDE\plugins\com.st.stm32cube.common.mx_6.11.0.202403141607
2024-04-29 22:17:56,783 [INFO] DbMcusXml:78 - Set database path to: C:\ST\STM32CubeIDE_1.12.1\STM32CubeIDE\plugins\com.st.stm32cube.common.mx_6.11.0.202403141607\\db\/mcu/
2024-04-29 22:17:56,783 [INFO] ApiDb:274 - Set plugin database path to: C:\ST\STM32CubeIDE_1.12.1\STM32CubeIDE\plugins\com.st.stm32cube.common.mx_6.11.0.202403141607\\db\/plugins/boardmanager/
2024-04-29 22:17:56,784 [WARN] ApiDb:259 - Overriding images path with different value:  => C:\ST\STM32CubeIDE_1.12.1\STM32CubeIDE\plugins\com.st.stm32cube.common.mx_6.11.0.202403141607\\db\/plugins/mcufinder/images/
2024-04-29 22:17:56,795 [INFO] ApiDb:250 - Set database path to: C:\Users\ipave\.stmcufinder\plugins\mcufinder//mcu/
2024-04-29 22:17:56,796 [INFO] DbMcusAds:125 - Set database path to: C:\Users\ipave\.stmcufinder\plugins\mcufinder//mcu/
2024-04-29 22:17:56,798 [INFO] CrossReferenceDbSqlite:203 - Set database path to: C:\Users\ipave\.stmcufinder\plugins\mcufinder//mcu/cs/
2024-04-29 22:17:56,899 [INFO] RulesReader:64 - Compatibility file has been processed (297 Rules)
2024-04-29 22:17:56,989 [INFO] DbMcusXml:78 - Set database path to: C:\ST\STM32CubeIDE_1.12.1\STM32CubeIDE\plugins\com.st.stm32cube.common.mx_6.11.0.202403141607\\db\/mcu/
2024-04-29 22:17:56,989 [INFO] ApiDb:274 - Set plugin database path to: C:\ST\STM32CubeIDE_1.12.1\STM32CubeIDE\plugins\com.st.stm32cube.common.mx_6.11.0.202403141607\\db\/plugins/boardmanager/
2024-04-29 22:17:56,989 [INFO] ApiDb:261 - Set plugin images path to: C:\ST\STM32CubeIDE_1.12.1\STM32CubeIDE\plugins\com.st.stm32cube.common.mx_6.11.0.202403141607\\db\/plugins/mcufinder/images/
2024-04-29 22:17:56,990 [WARN] DbFile:41 - Overriding database path with different value: C:\Users\ipave\.stmcufinder\plugins\mcufinder/ => C:\Users\ipave\.stmcufinder\plugins\mcufinder
2024-04-29 22:17:56,990 [INFO] ApiDb:250 - Set database path to: C:\Users\ipave\.stmcufinder\plugins\mcufinder//mcu/
2024-04-29 22:17:56,990 [WARN] DbFile:41 - Overriding database path with different value: C:\Users\ipave\.stmcufinder\plugins\mcufinder/ => C:\Users\ipave\.stmcufinder\plugins\mcufinder
2024-04-29 22:17:56,990 [INFO] DbMcusAds:125 - Set database path to: C:\Users\ipave\.stmcufinder\plugins\mcufinder//mcu/
2024-04-29 22:17:56,990 [WARN] DbFile:41 - Overriding database path with different value: C:\Users\ipave\.stmcufinder\plugins\mcufinder/ => C:\Users\ipave\.stmcufinder\plugins\mcufinder
2024-04-29 22:17:56,990 [WARN] DbFile:41 - Overriding database path with different value: C:\Users\ipave\.stmcufinder\plugins\mcufinder/ => C:\Users\ipave\.stmcufinder\plugins\mcufinder
2024-04-29 22:17:56,990 [INFO] CrossReferenceDbSqlite:203 - Set database path to: C:\Users\ipave\.stmcufinder\plugins\mcufinder//mcu/cs/
2024-04-29 22:17:57,083 [INFO] MainPanel:264 - HeapMemory: 536870912
2024-04-29 22:17:57,203 [INFO] DbMcusXml:78 - Set database path to: C:\ST\STM32CubeIDE_1.12.1\STM32CubeIDE\plugins\com.st.stm32cube.common.mx_6.11.0.202403141607\\db\/mcu/
2024-04-29 22:17:57,203 [INFO] ApiDb:274 - Set plugin database path to: C:\ST\STM32CubeIDE_1.12.1\STM32CubeIDE\plugins\com.st.stm32cube.common.mx_6.11.0.202403141607\\db\/plugins/boardmanager/
2024-04-29 22:17:57,203 [INFO] ApiDb:261 - Set plugin images path to: C:\ST\STM32CubeIDE_1.12.1\STM32CubeIDE\plugins\com.st.stm32cube.common.mx_6.11.0.202403141607\\db\/plugins/mcufinder/images/
2024-04-29 22:17:57,204 [WARN] DbFile:41 - Overriding database path with different value: C:\Users\ipave\.stmcufinder\plugins\mcufinder/ => C:\Users\ipave\.stmcufinder\plugins\mcufinder
2024-04-29 22:17:57,204 [INFO] ApiDb:250 - Set database path to: C:\Users\ipave\.stmcufinder\plugins\mcufinder//mcu/
2024-04-29 22:17:57,204 [WARN] DbFile:41 - Overriding database path with different value: C:\Users\ipave\.stmcufinder\plugins\mcufinder/ => C:\Users\ipave\.stmcufinder\plugins\mcufinder
2024-04-29 22:17:57,204 [INFO] DbMcusAds:125 - Set database path to: C:\Users\ipave\.stmcufinder\plugins\mcufinder//mcu/
2024-04-29 22:17:57,204 [WARN] DbFile:41 - Overriding database path with different value: C:\Users\ipave\.stmcufinder\plugins\mcufinder/ => C:\Users\ipave\.stmcufinder\plugins\mcufinder
2024-04-29 22:17:57,204 [WARN] DbFile:41 - Overriding database path with different value: C:\Users\ipave\.stmcufinder\plugins\mcufinder/ => C:\Users\ipave\.stmcufinder\plugins\mcufinder
2024-04-29 22:17:57,204 [INFO] CrossReferenceDbSqlite:203 - Set database path to: C:\Users\ipave\.stmcufinder\plugins\mcufinder//mcu/cs/
2024-04-29 22:17:57,225 [INFO] ApplicationProperties:184 - Using Application install path: C:\ST\STM32CubeIDE_1.12.1\STM32CubeIDE\plugins\com.st.stm32cube.common.mx_6.11.0.202403141607
2024-04-29 22:17:57,227 [INFO] PluginManage:196 - Search for loadable plugins [exclusion list=, ]
2024-04-29 22:17:57,228 [INFO] PluginManage:310 - Check plugin analytics
2024-04-29 22:17:57,434 [INFO] AnalyticsPlugin:253 - Accepted Software Licenses: 
2024-04-29 22:17:57,434 [INFO] AnalyticsPlugin:255 - Accepted CMSIS Pack Licenses: 
2024-04-29 22:17:57,436 [INFO] AnalyticsPlugin:257 - Accepted Firmware Licenses: 
2024-04-29 22:17:57,439 [INFO] PluginManage:359 - Loaded plugin analytics (category:tool,tabindex:-1)
2024-04-29 22:17:57,439 [INFO] PluginManage:310 - Check plugin cadmodel
2024-04-29 22:17:57,454 [INFO] CADModel:105 - Init CAD model plugin
2024-04-29 22:17:57,455 [INFO] PluginManage:359 - Loaded plugin cadmodel (category:power,tabindex:5)
2024-04-29 22:17:57,455 [INFO] PluginManage:310 - Check plugin clock
2024-04-29 22:17:57,483 [INFO] PluginManage:359 - Loaded plugin clock (category:base,tabindex:2)
2024-04-29 22:17:57,483 [INFO] PluginManage:310 - Check plugin ddr
2024-04-29 22:17:57,487 [INFO] PluginManage:359 - Loaded plugin ddr (category:tool,tabindex:6)
2024-04-29 22:17:57,487 [INFO] PluginManage:310 - Check plugin filemanager
2024-04-29 22:17:57,720 [INFO] PluginManage:359 - Loaded plugin filemanager (category:base,tabindex:10)
2024-04-29 22:17:57,720 [INFO] PluginManage:310 - Check plugin ipmanager
2024-04-29 22:17:57,732 [INFO] PluginManage:359 - Loaded plugin ipmanager (category:base,tabindex:5)
2024-04-29 22:17:57,732 [INFO] PluginManage:310 - Check plugin lpbam
2024-04-29 22:17:57,762 [INFO] PluginManage:359 - Loaded plugin lpbam (category:base,tabindex:0)
2024-04-29 22:17:57,762 [INFO] PluginManage:310 - Check plugin memorymap
2024-04-29 22:17:57,810 [INFO] PluginManage:359 - Loaded plugin memorymap (category:base,tabindex:4)
2024-04-29 22:17:57,810 [INFO] PluginManage:310 - Check plugin pinoutandconfiguration
2024-04-29 22:17:57,836 [INFO] PluginManage:359 - Loaded plugin pinoutandconfiguration (category:base,tabindex:1)
2024-04-29 22:17:57,836 [INFO] PluginManage:310 - Check plugin pinoutconfig
2024-04-29 22:17:57,984 [WARN] SupportedApi:132 - Cannot load RTOS API schema: s4s-elt-must-match.1: The content of 'definitions' must match (annotation?, (simpleType | complexType)?, (unique | key | keyref)*)). A problem was found starting at: attribute.
2024-04-29 22:17:58,172 [INFO] PluginManage:359 - Loaded plugin pinoutconfig (category:base,tabindex:0)
2024-04-29 22:17:58,172 [INFO] PluginManage:310 - Check plugin power
2024-04-29 22:17:58,190 [INFO] PluginManage:359 - Loaded plugin power (category:power,tabindex:4)
2024-04-29 22:17:58,190 [INFO] PluginManage:310 - Check plugin projectmanager
2024-04-29 22:17:58,214 [INFO] PluginManage:359 - Loaded plugin projectmanager (category:projectmanager,tabindex:3)
2024-04-29 22:17:58,214 [INFO] PluginManage:310 - Check plugin thirdparty
2024-04-29 22:17:58,474 [INFO] PluginManage:359 - Loaded plugin thirdparty (category:base,tabindex:-1)
2024-04-29 22:17:58,474 [WARN] IntegrityCheckThread:84 - waiting for thirdparty lock release [integrity check]
2024-04-29 22:17:58,474 [INFO] PluginManage:310 - Check plugin tools
2024-04-29 22:17:58,474 [INFO] IntegrityCheckThread:86 - entering critical section [integrity check]
2024-04-29 22:17:58,476 [INFO] ThirdPartyUpdaterWithRetryManager:70 - Updater plugin not ready yet. [1/15]
2024-04-29 22:17:58,501 [INFO] PluginManage:359 - Loaded plugin tools (category:base,tabindex:7)
2024-04-29 22:17:58,501 [INFO] PluginManage:310 - Check plugin tutovideos
2024-04-29 22:17:58,650 [INFO] PluginManage:359 - Loaded plugin tutovideos (category:base,tabindex:-1)
2024-04-29 22:17:58,650 [INFO] PluginManage:310 - Check plugin updater
2024-04-29 22:17:58,660 [INFO] PluginManage:359 - Loaded plugin updater (category:base,tabindex:12)
2024-04-29 22:17:58,660 [INFO] PluginManage:310 - Check plugin userauth
2024-04-29 22:17:58,664 [INFO] UserAuth:114 - Init User Auth plugin
2024-04-29 22:17:58,664 [INFO] PluginManage:359 - Loaded plugin userauth (category:base,tabindex:14)
2024-04-29 22:17:58,665 [INFO] PluginManage:283 - PluginManage : Loaded plugins [17]
2024-04-29 22:17:58,853 [INFO] PinOutPanel:1561 - setPackage(No Configuration,No Configuration)
2024-04-29 22:17:58,908 [INFO] CADModel:165 - CPN selected for project level
2024-04-29 22:17:58,908 [INFO] CADModel:114 - Register for checkConnection events
2024-04-29 22:17:58,927 [INFO] IPUIPlugin:80 - create IPUIPlugin
2024-04-29 22:17:58,927 [INFO] PluginManager:220 - loadIPPluginJar : add adc
2024-04-29 22:17:58,960 [INFO] IPUIPlugin:80 - create IPUIPlugin
2024-04-29 22:17:58,960 [INFO] PluginManager:220 - loadIPPluginJar : add aes
2024-04-29 22:17:59,002 [INFO] IPUIPlugin:80 - create IPUIPlugin
2024-04-29 22:17:59,002 [INFO] PluginManager:220 - loadIPPluginJar : add can
2024-04-29 22:17:59,024 [INFO] IPUIPlugin:80 - create IPUIPlugin
2024-04-29 22:17:59,024 [INFO] PluginManager:220 - loadIPPluginJar : add comp
2024-04-29 22:17:59,063 [INFO] IPUIPlugin:80 - create IPUIPlugin
2024-04-29 22:17:59,063 [INFO] PluginManager:220 - loadIPPluginJar : add cryp
2024-04-29 22:17:59,097 [INFO] IPUIPlugin:80 - create IPUIPlugin
2024-04-29 22:17:59,097 [INFO] PluginManager:220 - loadIPPluginJar : add dfsdm
2024-04-29 22:17:59,112 [INFO] IPUIPlugin:80 - create IPUIPlugin
2024-04-29 22:17:59,112 [INFO] PluginManager:220 - loadIPPluginJar : add dma
2024-04-29 22:17:59,156 [INFO] IPUIPlugin:80 - create IPUIPlugin
2024-04-29 22:17:59,156 [INFO] PluginManager:220 - loadIPPluginJar : add dma3
2024-04-29 22:17:59,189 [INFO] IPUIPlugin:80 - create IPUIPlugin
2024-04-29 22:17:59,189 [INFO] PluginManager:220 - loadIPPluginJar : add extmemmanager
2024-04-29 22:17:59,205 [INFO] IPUIPlugin:80 - create IPUIPlugin
2024-04-29 22:17:59,205 [INFO] PluginManager:220 - loadIPPluginJar : add fatfs
2024-04-29 22:17:59,248 [INFO] IPUIPlugin:80 - create IPUIPlugin
2024-04-29 22:17:59,249 [INFO] PluginManager:220 - loadIPPluginJar : add fmc
2024-04-29 22:17:59,261 [INFO] IPUIPlugin:80 - create IPUIPlugin
2024-04-29 22:17:59,261 [INFO] PluginManager:220 - loadIPPluginJar : add freertos
2024-04-29 22:17:59,279 [INFO] IPUIPlugin:80 - create IPUIPlugin
2024-04-29 22:17:59,279 [INFO] PluginManager:220 - loadIPPluginJar : add genericplugin
2024-04-29 22:17:59,369 [INFO] IPUIPlugin:80 - create IPUIPlugin
2024-04-29 22:17:59,369 [INFO] PluginManager:220 - loadIPPluginJar : add gfxmmu
2024-04-29 22:17:59,488 [INFO] IPUIPlugin:80 - create IPUIPlugin
2024-04-29 22:17:59,489 [INFO] PluginManager:220 - loadIPPluginJar : add gic
2024-04-29 22:17:59,498 [INFO] IPUIPlugin:80 - create IPUIPlugin
2024-04-29 22:17:59,498 [INFO] PluginManager:220 - loadIPPluginJar : add gpio
2024-04-29 22:17:59,580 [INFO] IPUIPlugin:80 - create IPUIPlugin
2024-04-29 22:17:59,580 [INFO] PluginManager:220 - loadIPPluginJar : add gtzc
2024-04-29 22:17:59,610 [INFO] IPUIPlugin:80 - create IPUIPlugin
2024-04-29 22:17:59,610 [INFO] PluginManager:220 - loadIPPluginJar : add hash
2024-04-29 22:17:59,663 [INFO] IPUIPlugin:80 - create IPUIPlugin
2024-04-29 22:17:59,663 [INFO] PluginManager:220 - loadIPPluginJar : add i2c
2024-04-29 22:17:59,698 [INFO] IPUIPlugin:80 - create IPUIPlugin
2024-04-29 22:17:59,699 [INFO] PluginManager:220 - loadIPPluginJar : add i2s
2024-04-29 22:17:59,735 [INFO] IPUIPlugin:80 - create IPUIPlugin
2024-04-29 22:17:59,735 [INFO] PluginManager:220 - loadIPPluginJar : add i3c
2024-04-29 22:17:59,818 [INFO] IPUIPlugin:80 - create IPUIPlugin
2024-04-29 22:17:59,818 [INFO] PluginManager:220 - loadIPPluginJar : add ipddr
2024-04-29 22:17:59,893 [INFO] IPUIPlugin:80 - create IPUIPlugin
2024-04-29 22:17:59,894 [INFO] PluginManager:220 - loadIPPluginJar : add linkedlist
2024-04-29 22:17:59,924 [INFO] IPUIPlugin:80 - create IPUIPlugin
2024-04-29 22:17:59,924 [INFO] PluginManager:220 - loadIPPluginJar : add lorawan
2024-04-29 22:17:59,956 [INFO] IPUIPlugin:80 - create IPUIPlugin
2024-04-29 22:17:59,956 [INFO] PluginManager:220 - loadIPPluginJar : add ltdc
2024-04-29 22:17:59,968 [INFO] IPUIPlugin:80 - create IPUIPlugin
2024-04-29 22:17:59,968 [INFO] PluginManager:220 - loadIPPluginJar : add mdma
2024-04-29 22:17:59,978 [INFO] IPUIPlugin:80 - create IPUIPlugin
2024-04-29 22:17:59,978 [INFO] PluginManager:220 - loadIPPluginJar : add nvic
2024-04-29 22:18:00,003 [INFO] IPUIPlugin:80 - create IPUIPlugin
2024-04-29 22:18:00,003 [INFO] PluginManager:220 - loadIPPluginJar : add opamp
2024-04-29 22:18:00,053 [INFO] IPUIPlugin:80 - create IPUIPlugin
2024-04-29 22:18:00,053 [INFO] PluginManager:220 - loadIPPluginJar : add openamp
2024-04-29 22:18:00,090 [INFO] IPUIPlugin:80 - create IPUIPlugin
2024-04-29 22:18:00,090 [INFO] PluginManager:220 - loadIPPluginJar : add pdm2pcm
2024-04-29 22:18:00,102 [INFO] IPUIPlugin:80 - create IPUIPlugin
2024-04-29 22:18:00,105 [INFO] PluginManager:220 - loadIPPluginJar : add plateformsettings
2024-04-29 22:18:00,126 [INFO] IPUIPlugin:80 - create IPUIPlugin
2024-04-29 22:18:00,126 [INFO] PluginManager:220 - loadIPPluginJar : add quadspi
2024-04-29 22:18:00,137 [INFO] IPUIPlugin:80 - create IPUIPlugin
2024-04-29 22:18:00,137 [INFO] PluginManager:220 - loadIPPluginJar : add resmgrutility
2024-04-29 22:18:00,176 [INFO] IPUIPlugin:80 - create IPUIPlugin
2024-04-29 22:18:00,176 [INFO] PluginManager:220 - loadIPPluginJar : add sai
2024-04-29 22:18:00,206 [INFO] IPUIPlugin:80 - create IPUIPlugin
2024-04-29 22:18:00,206 [INFO] PluginManager:220 - loadIPPluginJar : add spi
2024-04-29 22:18:00,259 [INFO] IPUIPlugin:80 - create IPUIPlugin
2024-04-29 22:18:00,259 [INFO] PluginManager:220 - loadIPPluginJar : add stm32_wpan
2024-04-29 22:18:00,279 [INFO] IPUIPlugin:80 - create IPUIPlugin
2024-04-29 22:18:00,279 [INFO] PluginManager:220 - loadIPPluginJar : add tim
2024-04-29 22:18:00,327 [INFO] IPUIPlugin:80 - create IPUIPlugin
2024-04-29 22:18:00,327 [INFO] PluginManager:220 - loadIPPluginJar : add touchsensing
2024-04-29 22:18:00,343 [INFO] IPUIPlugin:80 - create IPUIPlugin
2024-04-29 22:18:00,343 [INFO] PluginManager:220 - loadIPPluginJar : add tracer_emb
2024-04-29 22:18:00,360 [INFO] IPUIPlugin:80 - create IPUIPlugin
2024-04-29 22:18:00,360 [INFO] PluginManager:220 - loadIPPluginJar : add ts
2024-04-29 22:18:00,377 [INFO] IPUIPlugin:80 - create IPUIPlugin
2024-04-29 22:18:00,377 [INFO] PluginManager:220 - loadIPPluginJar : add tsc
2024-04-29 22:18:00,396 [INFO] IPUIPlugin:80 - create IPUIPlugin
2024-04-29 22:18:00,396 [INFO] PluginManager:220 - loadIPPluginJar : add ucpd
2024-04-29 22:18:00,426 [INFO] IPUIPlugin:80 - create IPUIPlugin
2024-04-29 22:18:00,426 [INFO] PluginManager:220 - loadIPPluginJar : add usart
2024-04-29 22:18:00,457 [INFO] IPUIPlugin:80 - create IPUIPlugin
2024-04-29 22:18:00,458 [INFO] PluginManager:220 - loadIPPluginJar : add usbx
2024-04-29 22:18:00,569 [INFO] CADModel:165 - CPN selected for project level
2024-04-29 22:18:00,569 [INFO] CADModel:114 - Register for checkConnection events
2024-04-29 22:18:00,569 [FATAL] Updater:308 - Updater called before beeing initialized
2024-04-29 22:18:00,569 [ERROR] CADModel:125 - Updater not yet initialized, retry later 
2024-04-29 22:18:00,683 [INFO] CADModel:165 - CPN selected for project level
2024-04-29 22:18:00,683 [INFO] CADModel:114 - Register for checkConnection events
2024-04-29 22:18:00,683 [FATAL] Updater:308 - Updater called before beeing initialized
2024-04-29 22:18:00,683 [ERROR] CADModel:125 - Updater not yet initialized, retry later 
2024-04-29 22:18:00,686 [FATAL] Updater:308 - Updater called before beeing initialized
2024-04-29 22:18:00,787 [FATAL] Updater:308 - Updater called before beeing initialized
2024-04-29 22:18:00,794 [INFO] DbMcusAds:53 - JSON generation date=Wed Nov 29 07:52:27 ART 2023 (1701255147349)
2024-04-29 22:18:00,795 [FATAL] Updater:308 - Updater called before beeing initialized
2024-04-29 22:18:00,855 [WARN] DetailPanel:346 - Failed to get advertising image, set to default
2024-04-29 22:18:00,913 [FATAL] Updater:308 - Updater called before beeing initialized
2024-04-29 22:18:00,915 [FATAL] Updater:308 - Updater called before beeing initialized
2024-04-29 22:18:00,915 [FATAL] Updater:308 - Updater called before beeing initialized
2024-04-29 22:18:00,915 [WARN] DetailPanel:346 - Failed to get advertising image, set to default
2024-04-29 22:18:00,915 [FATAL] Updater:308 - Updater called before beeing initialized
2024-04-29 22:18:00,966 [ERROR] Updater:1120 - MainUpdater not yet initialized. External WinMGr cannot be set.
2024-04-29 22:18:00,975 [INFO] Updater:1056 - Updater Version found : 6.11.0
2024-04-29 22:18:00,990 [INFO] ApplicationProperties:184 - Using Application install path: C:\ST\STM32CubeIDE_1.12.1\STM32CubeIDE\plugins\com.st.stm32cube.common.mx_6.11.0.202403141607
2024-04-29 22:18:01,477 [INFO] ThirdPartyUpdaterWithRetryManager:70 - Updater plugin not ready yet. [2/15]
2024-04-29 22:18:01,646 [INFO] MainUpdater:2873 - connection check result : 10
2024-04-29 22:18:01,646 [INFO] MainUpdater:3567 - Updater definition file requires update
2024-04-29 22:18:01,647 [INFO] MainUpdater:290 - Updater Check For Update Now.
2024-04-29 22:18:01,647 [INFO] MicroXplorer:498 - Change Database Version : DB.6.0.110
2024-04-29 22:18:01,658 [INFO] McuFinderGlobals:63 - Set McuFinder mode to 2 (CubeIDE integrated)
2024-04-29 22:18:01,658 [INFO] UserAuth:179 - activating auth plugin
2024-04-29 22:18:01,659 [INFO] UserAuth:415 - Internet connection configuration mode: 1
2024-04-29 22:18:01,675 [INFO] JxBrowserEngine:152 - Initiate JxBrowser Engine with user profile folder
2024-04-29 22:18:04,479 [WARN] MainUpdater:1194 - Updater busy. Cannot search thirdparties
2024-04-29 22:18:04,479 [INFO] ThirdPartyUpdaterWithRetryManager:96 - Updater plugin is busy. [1/15]
2024-04-29 22:18:05,117 [INFO] WebApp:161 - Instantiating new browser for Auth
2024-04-29 22:18:05,629 [INFO] WebApp:779 - Register for checkConnection events
2024-04-29 22:18:05,629 [INFO] WebApp:414 - Apply proxy settings
2024-04-29 22:18:05,629 [INFO] WebApp:499 - Chromium requires no authentication
2024-04-29 22:18:05,636 [INFO] WebApp:442 - Direct internet connection detected
2024-04-29 22:18:05,759 [INFO] WebApp:192 - Starting web application
2024-04-29 22:18:05,759 [INFO] WebApp:544 - Web application path used C:\ST\STM32CubeIDE_1.12.1\STM32CubeIDE\plugins\com.st.stm32cube.common.mx_6.11.0.202403141607\db\plugins\mcufinder\reactClient1\index.html
2024-04-29 22:18:06,150 [INFO] ServerAccessManage:473 - Download File updaters.zip
2024-04-29 22:18:06,215 [INFO] FileExtend:240 - Unzip File : updaters.zip
2024-04-29 22:18:06,215 [INFO] FileExtend:255 - Standard Zip Deflate
2024-04-29 22:18:07,480 [WARN] MainUpdater:1194 - Updater busy. Cannot search thirdparties
2024-04-29 22:18:07,480 [INFO] ThirdPartyUpdaterWithRetryManager:96 - Updater plugin is busy. [2/15]
2024-04-29 22:18:07,514 [INFO] ServerAccessManage:473 - Download File PacksControlFlags.xml
2024-04-29 22:18:08,627 [INFO] ServerAccessManage:473 - Download File cubemx.pidx
2024-04-29 22:18:09,080 [INFO] ServerAccessManage:473 - Download File STMicroelectronics.X-CUBE-FREERTOS.pdsc
2024-04-29 22:18:09,910 [WARN] PackLoader:240 - Cannot read IP mode file for STMicroelectronics.X-CUBE-FREERTOS.1.2.0
2024-04-29 22:18:09,912 [INFO] PopulateThirdPartyThread:66 - Ending populate Thread
2024-04-29 22:18:09,913 [INFO] ThirdParty:1030 - CMSIS Pack Vendor :STMicroelectronics X-CUBE-FREERTOS 1.2.0
2024-04-29 22:18:09,913 [INFO] LoadServerUpdatesThread:375 - End of LoadServerUpdate Thread
2024-04-29 22:18:09,994 [INFO] CheckServerUpdateThread:120 - End of CheckServer Thread
2024-04-29 22:18:10,599 [WARN] PackLoader:240 - Cannot read IP mode file for STMicroelectronics.FP-SNS-MOTENVWB1.1.4.0
2024-04-29 22:18:10,609 [WARN] PackLoader:240 - Cannot read IP mode file for STMicroelectronics.X-CUBE-SMBUS.2.1.0
2024-04-29 22:18:10,619 [WARN] PackLoader:240 - Cannot read IP mode file for STMicroelectronics.X-CUBE-TOUCHGFX.4.23.1
2024-04-29 22:18:10,625 [WARN] PackLoader:240 - Cannot read IP mode file for STMicroelectronics.X-CUBE-TOUCHGFX.4.23.0
2024-04-29 22:18:10,633 [WARN] PackLoader:240 - Cannot read IP mode file for STMicroelectronics.X-CUBE-TOUCHGFX.4.23.2
2024-04-29 22:18:10,655 [WARN] PackLoader:240 - Cannot read IP mode file for STMicroelectronics.X-CUBE-AZRTOS-F7.1.1.0
2024-04-29 22:18:10,667 [ERROR] RealEvaluatedCondition:428 - Found unsupported composite condition: GROUP='STM32_MetaDataManager' CLASS='Data Exchange'
2024-04-29 22:18:10,667 [ERROR] RealEvaluatedCondition:428 - Found unsupported composite condition: CLASS='Data Exchange' GROUP='STM32_MetaDataManager'
2024-04-29 22:18:10,668 [WARN] PackLoader:240 - Cannot read IP mode file for STMicroelectronics.FP-SNS-MOTENV1.4.3.0
2024-04-29 22:18:10,680 [WARN] PackLoader:240 - Cannot read IP mode file for STMicroelectronics.FP-SNS-MOTENV1.4.3.2
2024-04-29 22:18:10,692 [WARN] PackLoader:240 - Cannot read IP mode file for STMicroelectronics.FP-SNS-FLIGHT1.5.0.0
2024-04-29 22:18:10,701 [ERROR] RealEvaluatedCondition:428 - Found unsupported composite condition: CLASS='Data Exchange' GROUP='STM32_MetaDataManager'
2024-04-29 22:18:10,701 [ERROR] RealEvaluatedCondition:428 - Found unsupported composite condition: GROUP='STM32_MetaDataManager' CLASS='Data Exchange'
2024-04-29 22:18:10,702 [WARN] PackLoader:240 - Cannot read IP mode file for STMicroelectronics.FP-SNS-MOTENV1.4.3.1
2024-04-29 22:18:10,712 [WARN] PackLoader:240 - Cannot read IP mode file for STMicroelectronics.FP-SNS-FLIGHT1.5.0.1
2024-04-29 22:18:10,725 [WARN] PackLoader:240 - Cannot read IP mode file for STMicroelectronics.X-CUBE-BLE1.6.2.4
2024-04-29 22:18:10,730 [WARN] PackLoader:240 - Cannot read IP mode file for STMicroelectronics.FP-SNS-FLIGHT1.5.0.2
2024-04-29 22:18:10,740 [WARN] PackLoader:240 - Cannot read IP mode file for STMicroelectronics.X-CUBE-DISPLAY.3.0.0
2024-04-29 22:18:10,750 [WARN] PackLoader:240 - Cannot read IP mode file for STMicroelectronics.X-CUBE-BLE1.7.0.0
2024-04-29 22:18:10,758 [WARN] PackLoader:240 - Cannot read IP mode file for STMicroelectronics.X-CUBE-TOUCHGFX.4.22.0
2024-04-29 22:18:10,765 [WARN] PackLoader:240 - Cannot read IP mode file for STMicroelectronics.X-CUBE-TOUCHGFX.4.22.1
2024-04-29 22:18:10,776 [WARN] PackLoader:240 - Cannot read IP mode file for STMicroelectronics.X-CUBE-BLEMGR.3.1.0
2024-04-29 22:18:10,787 [WARN] PackLoader:240 - Cannot read IP mode file for STMicroelectronics.FP-SNS-SMARTAG2.1.2.0
2024-04-29 22:18:10,800 [INFO] LogOutputStream:77 - [STDOUT_REDIRECT] 1 : Invalid condition id : UX_CORESTACK_Condition cause : null
2024-04-29 22:18:10,800 [INFO] LogOutputStream:77 - [STDOUT_REDIRECT] 1 : Invalid condition id : UX_CORESTACK_Condition cause : null
2024-04-29 22:18:10,801 [INFO] LogOutputStream:77 - [STDOUT_REDIRECT] 1 : Invalid condition id : UX_CORESTACK_Condition cause : null
2024-04-29 22:18:10,802 [INFO] LogOutputStream:77 - [STDOUT_REDIRECT] 1 : Invalid condition id : UX_CORESTACK_Condition cause : null
2024-04-29 22:18:10,802 [INFO] LogOutputStream:77 - [STDOUT_REDIRECT] 1 : Invalid condition id : UX_CORESTACK_Condition cause : null
2024-04-29 22:18:10,804 [WARN] PackLoader:240 - Cannot read IP mode file for STMicroelectronics.X-CUBE-AZRTOS-WL.2.0.0
2024-04-29 22:18:10,813 [WARN] PackLoader:240 - Cannot read IP mode file for STMicroelectronics.FP-SNS-MOTENV1.5.0.0
2024-04-29 22:18:10,824 [WARN] PackLoader:240 - Cannot read IP mode file for WES.I-CUBE-Cesium.1.3.0
2024-04-29 22:18:10,833 [WARN] PackLoader:240 - Cannot read IP mode file for STMicroelectronics.X-CUBE-BLE2.3.3.0
2024-04-29 22:18:10,842 [WARN] PackLoader:240 - Cannot read IP mode file for STMicroelectronics.X-CUBE-TCPP.4.1.0
2024-04-29 22:18:10,852 [WARN] PackLoader:240 - Cannot read IP mode file for STMicroelectronics.X-CUBE-TOUCHGFX.4.21.4
2024-04-29 22:18:10,862 [WARN] PackLoader:240 - Cannot read IP mode file for STMicroelectronics.X-CUBE-ALGOBUILD.1.3.0
2024-04-29 22:18:10,882 [WARN] PackLoader:240 - Cannot read IP mode file for STMicroelectronics.X-CUBE-AZRTOS-G0.1.1.0
2024-04-29 22:18:10,894 [WARN] PackLoader:240 - Cannot read IP mode file for STMicroelectronics.X-CUBE-SAFEA1.1.2.2
2024-04-29 22:18:10,908 [WARN] PackLoader:240 - Cannot read IP mode file for STMicroelectronics.X-CUBE-NFC4.3.0.0
2024-04-29 22:18:10,922 [WARN] PackLoader:240 - Cannot read IP mode file for STMicroelectronics.X-CUBE-BLEMGR.3.0.0
2024-04-29 22:18:10,929 [WARN] PackLoader:240 - Cannot read IP mode file for STMicroelectronics.FP-ATR-SIGFOX1.3.2.0
2024-04-29 22:18:10,938 [WARN] PackLoader:240 - Cannot read IP mode file for STMicroelectronics.X-CUBE-EEPRMA1.5.1.0
2024-04-29 22:18:10,966 [WARN] PackLoader:240 - Cannot read IP mode file for SEGGER.I-CUBE-embOS.1.3.1
2024-04-29 22:18:11,001 [WARN] PackLoader:240 - Cannot read IP mode file for STMicroelectronics.X-CUBE-GNSS1.6.0.0
2024-04-29 22:18:11,024 [WARN] PackLoader:240 - Cannot read IP mode file for STMicroelectronics.X-CUBE-AZRTOS-F4.1.1.0
2024-04-29 22:18:11,033 [WARN] PackLoader:240 - Cannot read IP mode file for wolfSSL.I-CUBE-wolfSSL.5.6.0
2024-04-29 22:18:11,037 [WARN] PackLoader:240 - Cannot read IP mode file for STMicroelectronics.X-CUBE-FREERTOS.1.2.0
2024-04-29 22:18:11,060 [WARN] PackLoader:240 - Cannot read IP mode file for STMicroelectronics.X-CUBE-AZRTOS-L5.2.0.0
2024-04-29 22:18:11,106 [WARN] PackLoader:240 - Cannot read IP mode file for STMicroelectronics.X-CUBE-MEMS1.9.6.0
2024-04-29 22:18:11,215 [WARN] PackLoader:240 - Cannot read IP mode file for STMicroelectronics.X-CUBE-EEPRMA1.4.2.0
2024-04-29 22:18:11,230 [WARN] PackLoader:240 - Cannot read IP mode file for STMicroelectronics.X-CUBE-NFC6.3.1.0
2024-04-29 22:18:11,243 [WARN] PackLoader:240 - Cannot read IP mode file for ITTIA_DB.I-CUBE-ITTIADB.8.8.0
2024-04-29 22:18:11,261 [WARN] PackLoader:240 - Cannot read IP mode file for emotas.I-CUBE-CANOPEN.1.1.3
2024-04-29 22:18:11,275 [WARN] PackLoader:240 - Cannot read IP mode file for STMicroelectronics.X-CUBE-BLEMGR.2.0.0
2024-04-29 22:18:11,286 [WARN] PackLoader:240 - Cannot read IP mode file for STMicroelectronics.X-CUBE-AI.9.0.0
2024-04-29 22:18:11,312 [WARN] ConditionMgr:438 - getConditionDescription Invalid condition id : UX DEVICE CLASS RTOS Condition cause : null
2024-04-29 22:18:11,312 [WARN] ConditionMgr:438 - getConditionDescription Invalid condition id : UX DEVICE CLASS RTOS Condition cause : null
2024-04-29 22:18:11,314 [WARN] PackLoader:240 - Cannot read IP mode file for STMicroelectronics.X-CUBE-AZRTOS-H7.3.1.0
2024-04-29 22:18:11,316 [WARN] ConditionMgr:1039 - genDependencies : Invalid condition id : UX DEVICE CLASS RTOS Condition cause : null
2024-04-29 22:18:11,316 [WARN] ConditionMgr:1039 - genDependencies : Invalid condition id : UX DEVICE CLASS RTOS Condition cause : null
2024-04-29 22:18:11,317 [WARN] ConditionMgr:1039 - genDependencies : Invalid condition id : UX DEVICE CLASS RTOS Condition cause : null
2024-04-29 22:18:11,318 [WARN] ConditionMgr:1039 - genDependencies : Invalid condition id : UX DEVICE CLASS RTOS Condition cause : null
2024-04-29 22:18:11,318 [WARN] ConditionMgr:1039 - genDependencies : Invalid condition id : UX DEVICE CLASS RTOS Condition cause : null
2024-04-29 22:18:11,333 [WARN] PackLoader:240 - Cannot read IP mode file for STMicroelectronics.X-CUBE-NFC7.1.0.1
2024-04-29 22:18:11,345 [WARN] PackLoader:240 - Cannot read IP mode file for STMicroelectronics.X-CUBE-NFC7.1.0.0
2024-04-29 22:18:11,358 [WARN] PackLoader:240 - Cannot read IP mode file for STMicroelectronics.X-CUBE-NFC6.3.0.0
2024-04-29 22:18:11,372 [WARN] PackLoader:240 - Cannot read IP mode file for STMicroelectronics.X-CUBE-EEPRMA1.4.1.0
2024-04-29 22:18:11,383 [WARN] PackLoader:240 - Cannot read IP mode file for STMicroelectronics.X-CUBE-AI.8.1.0
2024-04-29 22:18:11,407 [WARN] ConditionMgr:438 - getConditionDescription Invalid condition id : LAN8742 Phy interface Condition cause : null
2024-04-29 22:18:11,408 [WARN] PackLoader:240 - Cannot read IP mode file for STMicroelectronics.X-CUBE-AZRTOS-L4.2.0.0
2024-04-29 22:18:11,410 [WARN] ConditionMgr:1039 - genDependencies : Invalid condition id : LAN8742 Phy interface Condition cause : null
2024-04-29 22:18:11,410 [WARN] ConditionMgr:1039 - genDependencies : Invalid condition id : LAN8742 Phy interface Condition cause : null
2024-04-29 22:18:11,411 [WARN] ConditionMgr:1039 - genDependencies : Invalid condition id : LAN8742 Phy interface Condition cause : null
2024-04-29 22:18:11,427 [WARN] PackLoader:240 - Cannot read IP mode file for STMicroelectronics.X-CUBE-SFXS2LP1.4.0.0
2024-04-29 22:18:11,440 [WARN] PackLoader:240 - Cannot read IP mode file for STMicroelectronics.X-CUBE-ISPU.1.1.0
2024-04-29 22:18:11,460 [WARN] ConditionMgr:438 - getConditionDescription Invalid condition id : UX DEVICE CLASS RTOS Condition cause : null
2024-04-29 22:18:11,460 [WARN] ConditionMgr:438 - getConditionDescription Invalid condition id : UX DEVICE CLASS RTOS Condition cause : null
2024-04-29 22:18:11,461 [WARN] PackLoader:240 - Cannot read IP mode file for STMicroelectronics.X-CUBE-AZRTOS-WB.2.0.0
2024-04-29 22:18:11,462 [WARN] ConditionMgr:1039 - genDependencies : Invalid condition id : UX DEVICE CLASS RTOS Condition cause : null
2024-04-29 22:18:11,462 [WARN] ConditionMgr:1039 - genDependencies : Invalid condition id : UX DEVICE CLASS RTOS Condition cause : null
2024-04-29 22:18:11,462 [WARN] ConditionMgr:1039 - genDependencies : Invalid condition id : UX DEVICE CLASS RTOS Condition cause : null
2024-04-29 22:18:11,462 [WARN] ConditionMgr:1039 - genDependencies : Invalid condition id : UX DEVICE CLASS RTOS Condition cause : null
2024-04-29 22:18:11,462 [WARN] ConditionMgr:1039 - genDependencies : Invalid condition id : UX DEVICE CLASS RTOS Condition cause : null
2024-04-29 22:18:11,474 [WARN] PackLoader:240 - Cannot read IP mode file for STMicroelectronics.X-CUBE-FREERTOS.1.0.1
2024-04-29 22:18:11,496 [WARN] PackLoader:240 - Cannot read IP mode file for STMicroelectronics.X-CUBE-AZRTOS-L5.1.1.0
2024-04-29 22:18:11,508 [WARN] PackLoader:240 - Cannot read IP mode file for STMicroelectronics.X-CUBE-AI.8.0.1
2024-04-29 22:18:11,524 [WARN] PackLoader:240 - Cannot read IP mode file for STMicroelectronics.X-CUBE-SUBG2.5.0.0
2024-04-29 22:18:11,540 [WARN] PackLoader:240 - Cannot read IP mode file for STMicroelectronics.X-CUBE-TOF1.3.3.1
2024-04-29 22:18:11,561 [WARN] PackLoader:240 - Cannot read IP mode file for STMicroelectronics.X-CUBE-AZRTOS-G4.2.0.0
2024-04-29 22:18:11,575 [WARN] PackLoader:240 - Cannot read IP mode file for STMicroelectronics.X-CUBE-TOF1.3.3.0
2024-04-29 22:18:11,598 [WARN] PackLoader:240 - Cannot read IP mode file for Infineon.AIROC-Wi-Fi-Bluetooth-STM32.1.5.1
2024-04-29 22:18:11,613 [WARN] PackLoader:240 - Cannot read IP mode file for STMicroelectronics.FP-SNS-MOTENVWB1.1.3.0
2024-04-29 22:18:11,626 [WARN] PackLoader:240 - Cannot read IP mode file for STMicroelectronics.FP-SNS-MOTENVWB1.1.3.1
2024-04-29 22:18:11,655 [WARN] PackLoader:240 - Cannot read IP mode file for STMicroelectronics.X-CUBE-AZRTOS-L4.1.0.0
2024-04-29 22:18:11,669 [WARN] PackLoader:240 - Cannot read IP mode file for STMicroelectronics.X-CUBE-ISPU.2.0.0
2024-04-29 22:18:11,706 [WARN] PackLoader:240 - Cannot read IP mode file for STMicroelectronics.X-CUBE-MEMS1.10.0.0
2024-04-29 22:18:11,795 [WARN] PackLoader:240 - Cannot read IP mode file for STMicroelectronics.X-CUBE-FREERTOS.1.1.0
2024-04-29 22:18:11,816 [WARN] PackLoader:240 - Cannot read IP mode file for STMicroelectronics.X-CUBE-AZRTOS-WL.1.0.0
2024-04-29 22:18:11,834 [WARN] PackLoader:240 - Cannot read IP mode file for portGmbH.I-Cube-SoM-uGOAL.1.1.0
2024-04-29 22:18:11,848 [WARN] PackLoader:240 - Cannot read IP mode file for STMicroelectronics.X-CUBE-ALS.1.0.1
2024-04-29 22:18:11,880 [WARN] PackLoader:240 - Cannot read IP mode file for STMicroelectronics.X-CUBE-AZRTOS-WB.1.1.0
2024-04-29 22:18:11,919 [WARN] PackLoader:240 - Cannot read IP mode file for STMicroelectronics.X-CUBE-AZRTOS-H7RS.1.0.0
2024-04-29 22:18:11,930 [WARN] PackLoader:240 - Cannot read IP mode file for STMicroelectronics.FP-ATR-ASTRA1.2.0.0
2024-04-29 22:18:11,955 [WARN] PackLoader:240 - Cannot read IP mode file for STMicroelectronics.X-CUBE-TOF1.3.4.0
2024-04-29 22:18:11,991 [WARN] PackLoader:240 - Cannot read IP mode file for STMicroelectronics.X-CUBE-TOF1.3.4.1
2024-04-29 22:18:12,030 [WARN] PackLoader:240 - Cannot read IP mode file for STMicroelectronics.X-CUBE-AZRTOS-H7.3.2.0
2024-04-29 22:18:12,033 [INFO] ThirdParty:978 - Integrity check success = true
2024-04-29 22:18:12,033 [INFO] IntegrityCheckThread:100 - exiting critical section [integrity check]
2024-04-29 22:18:12,033 [INFO] IntegrityCheckThread:103 - End integrity checks thread
